<?xml version="1.0" encoding="UTF-8"?>
<!-- Generated by org.testng.reporters.JUnitXMLReporter -->
<testsuite ignored="0" hostname="LAPTOP-HOM13T9M" failures="1" tests="1" name="Test" time="12.205" errors="0" timestamp="2023-06-04T20:19:37 IST">
  <testcase classname="com.actitime.testcases.TC1_ActitimeLoginLogout" name="loginLogout" time="0.831">
    <failure type="java.io.FileNotFoundException" message=".\failedscreenshot\username.png (The system cannot find the path specified)">
      <![CDATA[java.io.FileNotFoundException: .\failedscreenshot\username.png (The system cannot find the path specified)
at java.base/java.io.FileOutputStream.open0(Native Method)
at java.base/java.io.FileOutputStream.open(FileOutputStream.java:293)
at java.base/java.io.FileOutputStream.<init>(FileOutputStream.java:235)
at java.base/java.io.FileOutputStream.<init>(FileOutputStream.java:184)
at org.openqa.selenium.io.FileHandler.copyFile(FileHandler.java:136)
at org.openqa.selenium.io.FileHandler.copy(FileHandler.java:115)
at com.actitime.generics.Screenshot1.takeElementScreeshot(Screenshot1.java:16)
at com.actitime.pages.POM_ActitimeLoginPage.loginMethod(POM_ActitimeLoginPage.java:48)
at com.actitime.testcases.TC1_ActitimeLoginLogout.loginLogout(TC1_ActitimeLoginLogout.java:19)
at java.base/java.util.ArrayList.forEach(ArrayList.java:1511)
... Removed 27 stack frames]]>
    </failure>
  </testcase> <!-- loginLogout -->
</testsuite> <!-- Test -->
