<?xml version="1.0" encoding="UTF-8"?>
<!-- Generated by org.testng.reporters.JUnitXMLReporter -->
<testsuite ignored="10" hostname="LAPTOP-HOM13T9M" failures="0" tests="18" name="Test" time="259.116" errors="0" timestamp="2023-06-04T20:29:51 IST">
  <testcase classname="com.actitime.testcases.TC3_ActitimeLoginCreateWorkDeleteWorkLogout" name="login" time="0.81"/>
  <testcase classname="com.actitime.testcases.TC3_ActitimeLoginCreateWorkDeleteWorkLogout" name="creatework" time="29.609"/>
  <testcase classname="com.actitime.testcases.TC3_ActitimeLoginCreateWorkDeleteWorkLogout" name="deletework" time="3.112"/>
  <testcase classname="com.actitime.testcases.TC3_ActitimeLoginCreateWorkDeleteWorkLogout" name="logout" time="6.93"/>
  <testcase classname="com.actitime.testcases.TC5_ActitimeCreateNewUserLogout" name="login" time="0.338"/>
  <testcase classname="com.actitime.testcases.TC5_ActitimeCreateNewUserLogout" name="addusers" time="27.228"/>
  <testcase classname="com.actitime.testcases.TC5_ActitimeCreateNewUserLogout" name="logout" time="5.79"/>
  <testcase classname="com.actitime.testcases.TC2_ActitimeCreateCustomerDeleteCustomerLogout" name="logincreatecustomerlogout" time="0.338"/>
  <testcase classname="com.actitime.testcases.TC2_ActitimeCreateCustomerDeleteCustomerLogout" name="createscustomer" time="27.661"/>
  <testcase classname="com.actitime.testcases.TC2_ActitimeCreateCustomerDeleteCustomerLogout" name="deletecustomer" time="15.577"/>
  <testcase classname="com.actitime.testcases.TC2_ActitimeCreateCustomerDeleteCustomerLogout" name="logout" time="5.876"/>
  <testcase classname="com.actitime.testcases.TC1_ActitimeLoginLogout" name="loginLogout" time="10.786"/>
  <testcase classname="com.actitime.testcases.TC6_ActitimeCreateLeaveType" name="login" time="0.342"/>
  <testcase classname="com.actitime.testcases.TC6_ActitimeCreateLeaveType" name="creatework" time="23.643"/>
  <testcase classname="com.actitime.testcases.TC6_ActitimeCreateLeaveType" name="logout" time="5.113"/>
  <testcase classname="com.actitime.testcases.TC4_ActitimeCreateProjectLogout" name="login" time="0.331"/>
  <testcase classname="com.actitime.testcases.TC4_ActitimeCreateProjectLogout" name="createproject" time="37.332"/>
  <testcase classname="com.actitime.testcases.TC4_ActitimeCreateProjectLogout" name="logout" time="5.147"/>
  <testcase classname="com.actitime.generics.BaseTest" name="@BeforeSuite executionStart" time="0.0">
    <ignored/>
  </testcase> <!-- @BeforeSuite executionStart -->
  <testcase classname="com.actitime.generics.BaseTest" name="@AfterSuite executionComplete" time="0.0">
    <ignored/>
  </testcase> <!-- @AfterSuite executionComplete -->
  <testcase classname="com.actitime.generics.BaseTest" name="@AfterSuite executionComplete" time="0.0">
    <ignored/>
  </testcase> <!-- @AfterSuite executionComplete -->
  <testcase classname="com.actitime.generics.BaseTest" name="@BeforeSuite executionStart" time="0.0">
    <ignored/>
  </testcase> <!-- @BeforeSuite executionStart -->
  <testcase classname="com.actitime.generics.BaseTest" name="@BeforeSuite executionStart" time="0.0">
    <ignored/>
  </testcase> <!-- @BeforeSuite executionStart -->
  <testcase classname="com.actitime.generics.BaseTest" name="@AfterSuite executionComplete" time="0.0">
    <ignored/>
  </testcase> <!-- @AfterSuite executionComplete -->
  <testcase classname="com.actitime.generics.BaseTest" name="@AfterSuite executionComplete" time="0.0">
    <ignored/>
  </testcase> <!-- @AfterSuite executionComplete -->
  <testcase classname="com.actitime.generics.BaseTest" name="@BeforeSuite executionStart" time="0.0">
    <ignored/>
  </testcase> <!-- @BeforeSuite executionStart -->
  <testcase classname="com.actitime.generics.BaseTest" name="@AfterSuite executionComplete" time="0.0">
    <ignored/>
  </testcase> <!-- @AfterSuite executionComplete -->
  <testcase classname="com.actitime.generics.BaseTest" name="@BeforeSuite executionStart" time="0.0">
    <ignored/>
  </testcase> <!-- @BeforeSuite executionStart -->
</testsuite> <!-- Test -->
